SF:lib/src/presentation/pages/login/login_page.dart
DA:11,1
DA:13,1
DA:15,1
DA:16,1
DA:19,1
DA:20,2
DA:21,2
DA:23,1
DA:24,1
DA:26,1
DA:27,1
DA:31,1
DA:32,0
DA:34,0
DA:35,0
LF:15
LH:12
end_of_record
SF:lib/features/authentication/src/data/firebase_authentication.dart
DA:10,0
DA:15,0
DA:18,0
DA:19,0
DA:21,0
DA:22,0
DA:25,0
DA:29,0
DA:31,0
DA:33,0
DA:36,0
DA:38,0
DA:41,0
DA:43,0
DA:44,0
DA:45,0
DA:46,0
DA:47,0
DA:48,0
DA:49,0
DA:50,0
DA:51,0
DA:52,0
DA:53,0
LF:24
LH:0
end_of_record
SF:lib/features/authentication/src/data/firebase_user.dart
DA:4,0
DA:7,0
DA:9,0
DA:12,0
DA:14,0
LF:5
LH:0
end_of_record
SF:lib/features/authentication/src/data/user_model/user_model.dart
DA:10,0
DA:24,0
LF:2
LH:0
end_of_record
SF:lib/features/authentication/src/data/user_model/user_model.g.dart
DA:9,0
DA:10,0
DA:11,0
DA:12,0
DA:13,0
DA:14,0
DA:15,0
DA:16,0
DA:17,0
DA:18,0
DA:19,0
DA:22,0
DA:23,0
DA:24,0
DA:25,0
DA:26,0
DA:27,0
DA:28,0
DA:29,0
DA:30,0
DA:31,0
DA:32,0
LF:22
LH:0
end_of_record
SF:lib/src/presentation/logics/auth/auth_provider.dart
DA:10,0
DA:12,0
DA:13,0
DA:16,0
DA:18,0
DA:26,0
DA:27,0
DA:28,0
DA:29,0
DA:30,0
DA:31,0
DA:35,0
DA:36,0
DA:37,0
DA:38,0
DA:41,0
DA:42,0
DA:43,0
DA:44,0
DA:47,0
DA:48,0
LF:21
LH:0
end_of_record
SF:lib/src/presentation/logics/auth/phone_number_provider.dart
DA:3,4
LF:1
LH:1
end_of_record
SF:lib/src/presentation/logics/auth/user_provider.dart
DA:7,0
DA:9,0
DA:10,0
DA:12,0
DA:13,0
LF:5
LH:0
end_of_record
SF:lib/src/presentation/widgets/input_text_field.dart
DA:4,1
DA:18,1
DA:20,1
DA:22,1
DA:23,1
DA:24,1
DA:26,1
DA:27,1
DA:28,1
DA:32,1
LF:10
LH:10
end_of_record
